[history.cpp:268]: Executing History from -1.1.1 to  2.1.1
[history.cpp:268]: Executing History from 2.1.1 to  1836.1.1
[citypool.cpp:128]: Initialized cities with total 1728 meshes of typical buildings.
[citypool.cpp:151]: Initialized cities with total 64 meshes of special buildings.
[citypool.cpp:151]: Initialized cities with total 64 meshes of special buildings.
[citypool.cpp:151]: Initialized cities with total 64 meshes of special buildings.
[citypool.cpp:151]: Initialized cities with total 64 meshes of special buildings.
[controlcommands.cpp:89]: Human RandomGuy set as primary local
[history.cpp:268]: Executing History from -1.1.1 to  2.1.1
[history.cpp:268]: Executing History from 2.1.1 to  1836.1.1
[controlcommands.cpp:89]: Human RandomGuy set as primary local
[controlcommands.cpp:41]: Human RandomGuy unset as primary local
[controlcommands.cpp:89]: Human RandomGuy set as primary local
[controlcommands.cpp:41]: Human RandomGuy unset as primary local
[controlcommands.cpp:89]: Human RandomGuy set as primary local
[controlcommands.cpp:41]: Human RandomGuy unset as primary local
[controlcommands.cpp:89]: Human RandomGuy set as primary local
[controlcommands.cpp:41]: Human RandomGuy unset as primary local
[controlcommands.cpp:89]: Human RandomGuy set as primary local
[controlcommands.cpp:41]: Human RandomGuy unset as primary local
[controlcommands.cpp:89]: Human RandomGuy set as primary local
[controlcommands.cpp:41]: Human RandomGuy unset as primary local
[controlcommands.cpp:89]: Human RandomGuy set as primary local
[controlcommands.cpp:41]: Human RandomGuy unset as primary local
[controlcommands.cpp:89]: Human RandomGuy set as primary local
[controlcommands.cpp:41]: Human RandomGuy unset as primary local
[controlcommands.cpp:89]: Human RandomGuy set as primary local
[controlcommands.cpp:41]: Human RandomGuy unset as primary local
[controlcommands.cpp:89]: Human RandomGuy set as primary local
[controlcommands.cpp:41]: Human RandomGuy unset as primary local
[controlcommands.cpp:89]: Human RandomGuy set as primary local
[controlcommands.cpp:41]: Human RandomGuy unset as primary local
[controlcommands.cpp:89]: Human RandomGuy set as primary local
[controlcommands.cpp:41]: Human RandomGuy unset as primary local
[controlcommands.cpp:89]: Human RandomGuy set as primary local
[controlcommands.cpp:41]: Human RandomGuy unset as primary local
[controlcommands.cpp:89]: Human RandomGuy set as primary local
[controlcommands.cpp:41]: Human RandomGuy unset as primary local
[controlcommands.cpp:89]: Human RandomGuy set as primary local
[controlcommands.cpp:41]: Human RandomGuy unset as primary local
[controlcommands.cpp:89]: Human RandomGuy set as primary local
[controlcommands.cpp:41]: Human RandomGuy unset as primary local
[controlcommands.cpp:89]: Human RandomGuy set as primary local
[controlcommands.cpp:41]: Human RandomGuy unset as primary local
[controlcommands.cpp:89]: Human RandomGuy set as primary local
[controlcommands.cpp:41]: Human RandomGuy unset as primary local
[controlcommands.cpp:89]: Human RandomGuy set as primary local
[controlcommands.cpp:41]: Human RandomGuy unset as primary local
[controlcommands.cpp:89]: Human RandomGuy set as primary local
[controlcommands.cpp:41]: Human RandomGuy unset as primary local
[controlcommands.cpp:89]: Human RandomGuy set as primary local
[controlcommands.cpp:41]: Human RandomGuy unset as primary local
[controlcommands.cpp:89]: Human RandomGuy set as primary local
[controlcommands.cpp:41]: Human RandomGuy unset as primary local
[controlcommands.cpp:89]: Human RandomGuy set as primary local
[controlcommands.cpp:41]: Human RandomGuy unset as primary local
[controlcommands.cpp:89]: Human RandomGuy set as primary local
[controlcommands.cpp:41]: Human RandomGuy unset as primary local
[controlcommands.cpp:89]: Human RandomGuy set as primary local
[controlcommands.cpp:41]: Human RandomGuy unset as primary local
[controlcommands.cpp:89]: Human RandomGuy set as primary local
[controlcommands.cpp:41]: Human RandomGuy unset as primary local
[controlcommands.cpp:89]: Human RandomGuy set as primary local
[controlcommands.cpp:41]: Human RandomGuy unset as primary local
[controlcommands.cpp:89]: Human RandomGuy set as primary local
[controlcommands.cpp:41]: Human RandomGuy unset as primary local
[controlcommands.cpp:89]: Human RandomGuy set as primary local
[controlcommands.cpp:41]: Human RandomGuy unset as primary local
[controlcommands.cpp:89]: Human RandomGuy set as primary local
[controlcommands.cpp:41]: Human RandomGuy unset as primary local
[controlcommands.cpp:89]: Human RandomGuy set as primary local
[controlcommands.cpp:41]: Human RandomGuy unset as primary local
[controlcommands.cpp:89]: Human RandomGuy set as primary local
[controlcommands.cpp:41]: Human RandomGuy unset as primary local
[controlcommands.cpp:89]: Human RandomGuy set as primary local
[controlcommands.cpp:41]: Human RandomGuy unset as primary local
[controlcommands.cpp:89]: Human RandomGuy set as primary local
[controlcommands.cpp:41]: Human RandomGuy unset as primary local
[controlcommands.cpp:89]: Human RandomGuy set as primary local
[controlcommands.cpp:41]: Human RandomGuy unset as primary local
[controlcommands.cpp:89]: Human RandomGuy set as primary local
[controlcommands.cpp:41]: Human RandomGuy unset as primary local
[controlcommands.cpp:89]: Human RandomGuy set as primary local
[controlcommands.cpp:41]: Human RandomGuy unset as primary local
[controlcommands.cpp:89]: Human RandomGuy set as primary local
[controlcommands.cpp:41]: Human RandomGuy unset as primary local
[controlcommands.cpp:89]: Human RandomGuy set as primary local
[controlcommands.cpp:41]: Human RandomGuy unset as primary local
[controlcommands.cpp:89]: Human RandomGuy set as primary local
[controlcommands.cpp:41]: Human RandomGuy unset as primary local
[controlcommands.cpp:89]: Human RandomGuy set as primary local
[controlcommands.cpp:41]: Human RandomGuy unset as primary local
[controlcommands.cpp:89]: Human RandomGuy set as primary local
[controlcommands.cpp:41]: Human RandomGuy unset as primary local
[controlcommands.cpp:89]: Human RandomGuy set as primary local
[controlcommands.cpp:41]: Human RandomGuy unset as primary local
[controlcommands.cpp:89]: Human RandomGuy set as primary local
[controlcommands.cpp:41]: Human RandomGuy unset as primary local
[controlcommands.cpp:89]: Human RandomGuy set as primary local
[controlcommands.cpp:41]: Human RandomGuy unset as primary local
[controlcommands.cpp:89]: Human RandomGuy set as primary local
[controlcommands.cpp:41]: Human RandomGuy unset as primary local
[controlcommands.cpp:89]: Human RandomGuy set as primary local
[controlcommands.cpp:41]: Human RandomGuy unset as primary local
[controlcommands.cpp:89]: Human RandomGuy set as primary local
[controlcommands.cpp:41]: Human RandomGuy unset as primary local
[controlcommands.cpp:89]: Human RandomGuy set as primary local
[controlcommands.cpp:41]: Human RandomGuy unset as primary local
[controlcommands.cpp:89]: Human RandomGuy set as primary local
[controlcommands.cpp:41]: Human RandomGuy unset as primary local
[controlcommands.cpp:89]: Human RandomGuy set as primary local
[controlcommands.cpp:41]: Human RandomGuy unset as primary local
[controlcommands.cpp:89]: Human RandomGuy set as primary local
[controlcommands.cpp:41]: Human RandomGuy unset as primary local
[controlcommands.cpp:89]: Human RandomGuy set as primary local
[controlcommands.cpp:41]: Human RandomGuy unset as primary local
[controlcommands.cpp:89]: Human RandomGuy set as primary local
[controlcommands.cpp:41]: Human RandomGuy unset as primary local
[controlcommands.cpp:89]: Human RandomGuy set as primary local
[controlcommands.cpp:41]: Human RandomGuy unset as primary local
[controlcommands.cpp:89]: Human RandomGuy set as primary local
[controlcommands.cpp:41]: Human RandomGuy unset as primary local
[controlcommands.cpp:89]: Human RandomGuy set as primary local
[controlcommands.cpp:41]: Human RandomGuy unset as primary local
[controlcommands.cpp:89]: Human RandomGuy set as primary local
[controlcommands.cpp:41]: Human RandomGuy unset as primary local
[controlcommands.cpp:89]: Human RandomGuy set as primary local
[controlcommands.cpp:41]: Human RandomGuy unset as primary local
[controlcommands.cpp:89]: Human RandomGuy set as primary local
[controlcommands.cpp:41]: Human RandomGuy unset as primary local
[controlcommands.cpp:89]: Human RandomGuy set as primary local
[controlcommands.cpp:41]: Human RandomGuy unset as primary local
[controlcommands.cpp:89]: Human RandomGuy set as primary local
[controlcommands.cpp:41]: Human RandomGuy unset as primary local
[controlcommands.cpp:89]: Human RandomGuy set as primary local
[controlcommands.cpp:41]: Human RandomGuy unset as primary local
[controlcommands.cpp:89]: Human RandomGuy set as primary local
[controlcommands.cpp:41]: Human RandomGuy unset as primary local
[controlcommands.cpp:89]: Human RandomGuy set as primary local
[controlcommands.cpp:41]: Human RandomGuy unset as primary local
[controlcommands.cpp:89]: Human RandomGuy set as primary local
[controlcommands.cpp:41]: Human RandomGuy unset as primary local
[controlcommands.cpp:89]: Human RandomGuy set as primary local
[controlcommands.cpp:41]: Human RandomGuy unset as primary local
[controlcommands.cpp:89]: Human RandomGuy set as primary local
[controlcommands.cpp:41]: Human RandomGuy unset as primary local
[controlcommands.cpp:89]: Human RandomGuy set as primary local
[controlcommands.cpp:41]: Human RandomGuy unset as primary local
[controlcommands.cpp:89]: Human RandomGuy set as primary local
[controlcommands.cpp:41]: Human RandomGuy unset as primary local
[controlcommands.cpp:89]: Human RandomGuy set as primary local
[controlcommands.cpp:41]: Human RandomGuy unset as primary local
[controlcommands.cpp:89]: Human RandomGuy set as primary local
[controlcommands.cpp:41]: Human RandomGuy unset as primary local
[controlcommands.cpp:89]: Human RandomGuy set as primary local
[controlcommands.cpp:41]: Human RandomGuy unset as primary local
[controlcommands.cpp:89]: Human RandomGuy set as primary local
[controlcommands.cpp:41]: Human RandomGuy unset as primary local
[controlcommands.cpp:89]: Human RandomGuy set as primary local
[controlcommands.cpp:41]: Human RandomGuy unset as primary local
[controlcommands.cpp:89]: Human RandomGuy set as primary local
[controlcommands.cpp:41]: Human RandomGuy unset as primary local
[controlcommands.cpp:89]: Human RandomGuy set as primary local
[controlcommands.cpp:41]: Human RandomGuy unset as primary local
[controlcommands.cpp:89]: Human RandomGuy set as primary local
[controlcommands.cpp:41]: Human RandomGuy unset as primary local
[controlcommands.cpp:89]: Human RandomGuy set as primary local
[controlcommands.cpp:41]: Human RandomGuy unset as primary local
[controlcommands.cpp:89]: Human RandomGuy set as primary local
[controlcommands.cpp:41]: Human RandomGuy unset as primary local
[controlcommands.cpp:89]: Human RandomGuy set as primary local
[controlcommands.cpp:41]: Human RandomGuy unset as primary local
[controlcommands.cpp:89]: Human RandomGuy set as primary local
[controlcommands.cpp:41]: Human RandomGuy unset as primary local
[controlcommands.cpp:89]: Human RandomGuy set as primary local
[controlcommands.cpp:41]: Human RandomGuy unset as primary local
[controlcommands.cpp:89]: Human RandomGuy set as primary local
[controlcommands.cpp:41]: Human RandomGuy unset as primary local
[controlcommands.cpp:89]: Human RandomGuy set as primary local
[controlcommands.cpp:41]: Human RandomGuy unset as primary local
[controlcommands.cpp:89]: Human RandomGuy set as primary local
[controlcommands.cpp:41]: Human RandomGuy unset as primary local
[controlcommands.cpp:89]: Human RandomGuy set as primary local
[controlcommands.cpp:41]: Human RandomGuy unset as primary local
[controlcommands.cpp:89]: Human RandomGuy set as primary local
[controlcommands.cpp:41]: Human RandomGuy unset as primary local
[controlcommands.cpp:89]: Human RandomGuy set as primary local
[controlcommands.cpp:41]: Human RandomGuy unset as primary local
[controlcommands.cpp:89]: Human RandomGuy set as primary local
[controlcommands.cpp:41]: Human RandomGuy unset as primary local
[controlcommands.cpp:89]: Human RandomGuy set as primary local
[controlcommands.cpp:41]: Human RandomGuy unset as primary local
[controlcommands.cpp:89]: Human RandomGuy set as primary local
[controlcommands.cpp:41]: Human RandomGuy unset as primary local
[controlcommands.cpp:89]: Human RandomGuy set as primary local
[controlcommands.cpp:41]: Human RandomGuy unset as primary local
[controlcommands.cpp:89]: Human RandomGuy set as primary local
[controlcommands.cpp:41]: Human RandomGuy unset as primary local
[controlcommands.cpp:89]: Human RandomGuy set as primary local
[controlcommands.cpp:41]: Human RandomGuy unset as primary local
[controlcommands.cpp:89]: Human RandomGuy set as primary local
[controlcommands.cpp:41]: Human RandomGuy unset as primary local
[controlcommands.cpp:89]: Human RandomGuy set as primary local
[controlcommands.cpp:41]: Human RandomGuy unset as primary local
[controlcommands.cpp:89]: Human RandomGuy set as primary local
[controlcommands.cpp:41]: Human RandomGuy unset as primary local
[controlcommands.cpp:89]: Human RandomGuy set as primary local
[controlcommands.cpp:41]: Human RandomGuy unset as primary local
[controlcommands.cpp:89]: Human RandomGuy set as primary local
[controlcommands.cpp:41]: Human RandomGuy unset as primary local
[controlcommands.cpp:89]: Human RandomGuy set as primary local
[controlcommands.cpp:41]: Human RandomGuy unset as primary local
[controlcommands.cpp:89]: Human RandomGuy set as primary local
[controlcommands.cpp:41]: Human RandomGuy unset as primary local
[controlcommands.cpp:89]: Human RandomGuy set as primary local
[controlcommands.cpp:41]: Human RandomGuy unset as primary local
[controlcommands.cpp:89]: Human RandomGuy set as primary local
[controlcommands.cpp:41]: Human RandomGuy unset as primary local
[controlcommands.cpp:89]: Human RandomGuy set as primary local
[controlcommands.cpp:41]: Human RandomGuy unset as primary local
[controlcommands.cpp:89]: Human RandomGuy set as primary local
[controlcommands.cpp:41]: Human RandomGuy unset as primary local
[controlcommands.cpp:89]: Human RandomGuy set as primary local
[controlcommands.cpp:41]: Human RandomGuy unset as primary local
[controlcommands.cpp:89]: Human RandomGuy set as primary local
[controlcommands.cpp:41]: Human RandomGuy unset as primary local
[controlcommands.cpp:89]: Human RandomGuy set as primary local
[controlcommands.cpp:41]: Human RandomGuy unset as primary local
[controlcommands.cpp:89]: Human RandomGuy set as primary local
[controlcommands.cpp:41]: Human RandomGuy unset as primary local
[controlcommands.cpp:89]: Human RandomGuy set as primary local
