[history.cpp:268]: Executing History from -1.1.1 to  2.1.1
[history.cpp:268]: Executing History from 2.1.1 to  1786.3.11
[citypool.cpp:128]: Initialized cities with total 1728 meshes of typical buildings.
[citypool.cpp:151]: Initialized cities with total 64 meshes of special buildings.
[citypool.cpp:151]: Initialized cities with total 64 meshes of special buildings.
[citypool.cpp:151]: Initialized cities with total 64 meshes of special buildings.
[citypool.cpp:151]: Initialized cities with total 64 meshes of special buildings.
[controlcommands.cpp:89]: Human Player set as primary local
[frontend.cpp:725]: 

		[[ Launching SINGLEPLAYER-game ]]
	Start-date: 1786.3.11
	Country: Brazil


[messagehandler.h:332]: 11 March, 1786: Decision: Buenos Aires in Chile.
[messagehandler.h:332]: 11 March, 1786: Decision: The Cuban city of Saint Dominick in Cuba.
[messagehandler.h:332]: 11 March, 1786: Denmark has increased their relations with Orleans.
[messagehandler.h:332]: 11 March, 1786: Decision: Military-Industrial Complex in The British Empire.
[messagehandler.h:332]: 11 March, 1786: Decision: The Heligoland Question in The German Empire.
[messagehandler.h:332]: 11 March, 1786: Decision: taiping_and_csa_title in Jerusalem.
[messagehandler.h:332]: 11 March, 1786: Decision: New Orleans in Louisiana.
[messagehandler.h:332]: 11 March, 1786: Persia expanded their war with The Yarkand Khanate to include Acquire Yarkand Mongolia.
[messagehandler.h:332]: 11 March, 1786: Decision: Establish The Dar al-Funun in Persia.
[messagehandler.h:332]: 11 March, 1786: Siebenb³rgen broke their Alliance with Bulgaria.
[messagehandler.h:332]: 11 March, 1786: Sonora has increased their relations with Kingdom of America.
[messagehandler.h:332]: 11 March, 1786: Decision: Islas Malvinas in Spain.
[messagehandler.h:332]: 11 March, 1786: Decision: New York in Kingdom of America.
[messagehandler.h:332]: 11 March, 1786: Austrian Reich has started to mobilize their reserves.
[messagehandler.h:332]: 11 March, 1786: ºYNepalºW entered a Military Alliance with ºYNulambavadiºW
[messagehandler.h:332]: 11 March, 1786: Bavaria has increased their relations with Austrian Reich.
[messagehandler.h:332]: 11 March, 1786: Bengal declared war on Orissa.
[messagehandler.h:332]: 11 March, 1786: Decision: Prince Edward Island in The British Empire.
[messagehandler.h:332]: 11 March, 1786: Decision: Reichsland Elsa▀-Lothringen in The German Empire.
[messagehandler.h:332]: 11 March, 1786: Italy has started to mobilize their reserves.
[messagehandler.h:332]: 11 March, 1786: Decision: Angelsville in Louisiana.
[messagehandler.h:332]: 11 March, 1786: Rajputana expanded their war with The Yarkand Khanate to include Cut The Yarkand Khanate down to size.
[messagehandler.h:332]: 11 March, 1786: Siam declined to aid Bengal in their war.
[messagehandler.h:332]: 11 March, 1786: Ternate declined to aid Bengal in their war.
[messagehandler.h:332]: 11 March, 1786: Kingdom of America declined a Military Alliance offer from Cuba.
[messagehandler.h:332]: 11 March, 1786: Decision: New Bedford in Kingdom of America.
[messagehandler.h:332]: 11 March, 1786: ▄  agreed to aid Orissa in their war.
