[main.cpp:509]: Loading text.csv took 0.11696 seconds...
[main.cpp:512]: Loading files took 0.0113518
[main.cpp:513]: Loading blob took 0.103985
[main.cpp:579]: 
***>  Total loadtime before app init 2.36177 seconds.
[eu3application.cpp:345]: Initiliasing Music & Sound<0.171704>
[eu3application.cpp:415]: Loading .gfx files <0.522906>
[eu3application.cpp:428]: Initialise Graphics<0.772789>
[eu3application.cpp:493]: Loading GUI <0.0440406>
[eu3application.cpp:1125]: Loading Databases <0.278601>
[map.cpp:321]: It takes <0.0034092> seconds to generate colorspace.
[map.cpp:389]: It takes <0.0301638> seconds to load mapfiles.
[map.cpp:433]: It takes <0.0420218> seconds to generate provinces.
[map.cpp:438]: It takes <0.0397919> seconds to generate bounding boxes.
[map.cpp:607]: It takes <8.9407e-008> seconds to calculate paths.
[map.cpp:615]: It takes <0.0014203> seconds to fix naval distances.
[map.cpp:646]: It takes <0.184834> in total to init map-logics.
[eu3application.cpp:1150]: final pass of databases <0.00134778>
[eu3application.cpp:1177]: units&techh database <0.00575304>
[eu3application.cpp:1196]: country database <0.468706>
[eu3application.cpp:1212]: news database <0.239381>
[eu3application.cpp:1312]: Loading History Database <0.673632>
[eu3application.cpp:500]: ****> databases was total of <1.97834>
[eu3application.cpp:507]: Loading Events <0.0676997>
[eu3application.cpp:521]: Loading Soundeffects <0.0988457>
[eu3application.cpp:531]: Loading Flags <2.09161>
[eu3application.cpp:578]: history execute <0.253149>
[eu3application.cpp:584]: Idler Initialised <0.0117388>
[eu3application.cpp:768]: Creating checksum for all files took 1.19394 seconds.
[main.cpp:586]: 
***>  Total loadtime after app init 9.57046 seconds.
[frontend.cpp:447]: Initialising frontend artwork <0.000465393>
[provincemanager.cpp:494]: CEU3MapCache creation <0.0052854>
[provincemanager.cpp:726]: Finished creating beach manager <0.0119577>
[provincemanager.cpp:738]: Province collision meshes <0.0029507>
[bordermanager.cpp:137]:     CBorderManager::FillBitmap() <0.01367>
[provincemanager.cpp:751]: Creating borders <0.0139084>
[provincemanager.cpp:767]: Creating texts <0.0209434>
[provincemanager.cpp:799]: Creating rivers <0.139538>
[provincemanager.cpp:1697]: Creating terrain textures <0.0433794>
[provincemanager.cpp:1705]: Creating visible from <0>
[provincemanager.cpp:1740]: Creating meshes from <0.489059>
[provincemanager.cpp:1788]: Creating waves <0.00690365>
[provincemanager.cpp:812]: Creating the world <0.648994>
[provincemanager.cpp:822]: Writing timefile for map<0.0186075>
[provincemanager.cpp:833]: Cleaning up provincemanager<5.57899e-005>
[eu3application.cpp:783]: Initialising Graphical Map <1.18923>
[eu3application.cpp:788]: Cleaning up after Graphical Map <0.078495>
[frontend.cpp:480]: Mapflags <1.90735e-006>
[frontend.cpp:488]: Device objects <0.000887871>
[frontend.cpp:505]: frontend screens <0.140248>
[frontend.cpp:511]: 


Total loadtime was 10.9822 seconds.


[eu3idler.cpp:911]: Moving History to Gamestate<0.0066302>
[eu3idler.cpp:958]: Knowledge refreshment<9.1e-005>
[eu3idler.cpp:966]: AI Started<0.014295>
[eu3idler.cpp:989]: Final idler initialisation<0.04527>
[eu3idler.cpp:5530]: Countries initialized<0.365403>
[eu3idler.cpp:5580]: provinces initialised<0.00887761>
[eu3idler.cpp:5629]: information caches setup<0.0885466>
[eu3idler.cpp:5644]:  processed intel setup <0.195544>
[eu3idler.cpp:5681]:  processed time init <0.141389>
[eu3idler.cpp:6017]: graphics objects setup<0.523619>
[eu3idler.cpp:6026]:  intel update<0.00290537>
[eu3idler.cpp:6120]: skin loading<0.00653684>
[eu3idler.cpp:3043]: Timer check for 1786.3.11 at 1.33793 seconds.
