[systemsettings.cpp:184]: System memory (available/total):	49193/65325 MB
[systemsettings.cpp:185]: Page file (available/total):		50351/69421 MB
[systemsettings.cpp:186]: Virtual memory (available/total):	3953/4095 MB
[systemsettings.cpp:203]: CPU speed:						2496 MHz
[systemsettings.cpp:211]: Number of processors: 16
[systemsettings.cpp:216]: CPU type: x64
[systemsettings.cpp:295]: OS: Windows 8     Build: 9200
[graphicssettings.cpp:132]: Graphic Adapters: 
[graphicssettings.cpp:137]: 	0: NVIDIA GeForce RTX 5060
[graphicssettings.cpp:154]: Checking for multi-sampling support:
[graphicssettings.cpp:165]: 	2 samples supported.
[graphicssettings.cpp:165]: 	4 samples supported.
[graphicssettings.cpp:165]: 	8 samples supported.
[graphicssettings.cpp:180]: Using Adapter [0]:
[graphicssettings.cpp:186]: Succeeded to create a device [D3DCREATE_HARDWARE_VERTEXPROCESSING].
[graphicssettings.cpp:228]: Graphics device: NVIDIA GeForce RTX 5060
[graphicssettings.cpp:229]: Graphics driver: nvldumd.dll
[graphicssettings.cpp:230]: Driver version:  32.0.15 build 7700
[graphicssettings.cpp:248]: 


Dumping all gfx info:
DeviceIdentifier:	{D7B71E3E-6E45-11CF-E76D-1AAA0EC2ED35}
VendorId:	4318
DeviceId:	11525
SubSysId:	-1978331069
Revision:	161
DriverVersion.HighPart:	2097152
DriverVersion.LowPart:	990740


[graphicssettings.cpp:298]: Instancing supported.
[graphicssettings.cpp:316]: Video memory amount: 1342MB
[graphicssettings.cpp:319]: Support for T&L found.
[graphicssettings.cpp:322]: MaxSimultaneousTextures: 8
[graphicssettings.cpp:323]: MaxVertexBlendMatrices: 4
[graphicssettings.cpp:324]: MaxVertexBlendMatrixIndex: 8
[graphicssettings.cpp:326]: MaxSimultaneousTextures: 8
[graphicssettings.cpp:327]: MaxTextureBlendStages: 8
[graphicssettings.cpp:328]: Support for Anisotropic filtering found.
[graphicssettings.cpp:331]: 	Max Anisotropic filtering: 16
[graphicssettings.cpp:332]: 	Anisotropic filtering set to: 0
[graphicssettings.cpp:336]: Vertex Shader version: 3.0
[graphicssettings.cpp:341]: Pixel Shader version: 3.0
[main.cpp:400]: V2 Version Jan  4 2016 : 17:36:07
[main.cpp:471]: Blobing files
[main.cpp:492]: Init Text Database
[internationalizedtext.cpp:1237]: Create table
[internationalizedtext.cpp:1239]: Create text database
[main.cpp:494]: Text Database Done
[main.cpp:522]: Creating application...
[main.cpp:582]: Init Application...
[eu3application.cpp:226]: Initialise Defines
[eu3application.cpp:233]: App Init
[eu3application.cpp:248]: App Init
[eu3application.cpp:274]: Cursors Defines
[eu3application.cpp:302]: Sound...
[dxmusic.cpp:40]: Init Music
[dxmusic.cpp:51]: Graph done.
[dxmusic.cpp:62]: Control done.
[dxmusic.cpp:73]: Seeker done 
[dxmusic.cpp:83]: Event done.
[dxmusic.cpp:93]: Basic audio done.
[dxmusic.cpp:95]: Music done.
[DirectSound.cpp:37]: Init DirectSound
[DirectSound.cpp:55]: Sound initialised with result 0
[DirectSound.cpp:65]: Coop Level Set. Result: 0
[DirectSound.cpp:88]: Sound Init Done
[eu3application.cpp:351]: Initialise Graphics...
[graphics.cpp:161]: Direct3D Created
[graphicssettings.cpp:664]: Usable res: 1024 768 120
[graphicssettings.cpp:664]: Usable res: 1024 768 119
[graphicssettings.cpp:664]: Usable res: 1024 768 144
[graphicssettings.cpp:664]: Usable res: 1024 768 75
[graphicssettings.cpp:664]: Usable res: 1024 768 100
[graphicssettings.cpp:664]: Usable res: 1024 768 60
[graphicssettings.cpp:664]: Usable res: 1024 768 70
[graphicssettings.cpp:664]: Usable res: 1152 864 120
[graphicssettings.cpp:664]: Usable res: 1152 864 119
[graphicssettings.cpp:664]: Usable res: 1152 864 144
[graphicssettings.cpp:664]: Usable res: 1152 864 75
[graphicssettings.cpp:664]: Usable res: 1152 864 100
[graphicssettings.cpp:664]: Usable res: 1152 864 60
[graphicssettings.cpp:664]: Usable res: 1280 720 60
[graphicssettings.cpp:664]: Usable res: 1280 720 59
[graphicssettings.cpp:664]: Usable res: 1280 720 50
[graphicssettings.cpp:664]: Usable res: 1280 720 120
[graphicssettings.cpp:664]: Usable res: 1280 720 119
[graphicssettings.cpp:664]: Usable res: 1280 720 144
[graphicssettings.cpp:664]: Usable res: 1280 720 100
[graphicssettings.cpp:664]: Usable res: 1280 768 120
[graphicssettings.cpp:664]: Usable res: 1280 768 119
[graphicssettings.cpp:664]: Usable res: 1280 768 144
[graphicssettings.cpp:664]: Usable res: 1280 768 75
[graphicssettings.cpp:664]: Usable res: 1280 768 100
[graphicssettings.cpp:664]: Usable res: 1280 768 60
[graphicssettings.cpp:664]: Usable res: 1280 800 120
[graphicssettings.cpp:664]: Usable res: 1280 800 119
[graphicssettings.cpp:664]: Usable res: 1280 800 144
[graphicssettings.cpp:664]: Usable res: 1280 800 75
[graphicssettings.cpp:664]: Usable res: 1280 800 100
[graphicssettings.cpp:664]: Usable res: 1280 800 60
[graphicssettings.cpp:664]: Usable res: 1280 960 120
[graphicssettings.cpp:664]: Usable res: 1280 960 119
[graphicssettings.cpp:664]: Usable res: 1280 960 144
[graphicssettings.cpp:664]: Usable res: 1280 960 75
[graphicssettings.cpp:664]: Usable res: 1280 960 100
[graphicssettings.cpp:664]: Usable res: 1280 960 60
[graphicssettings.cpp:664]: Usable res: 1280 1024 120
[graphicssettings.cpp:664]: Usable res: 1280 1024 119
[graphicssettings.cpp:664]: Usable res: 1280 1024 144
[graphicssettings.cpp:664]: Usable res: 1280 1024 75
[graphicssettings.cpp:664]: Usable res: 1280 1024 100
[graphicssettings.cpp:664]: Usable res: 1280 1024 60
[graphicssettings.cpp:664]: Usable res: 1360 768 60
[graphicssettings.cpp:664]: Usable res: 1360 768 59
[graphicssettings.cpp:664]: Usable res: 1360 768 50
[graphicssettings.cpp:664]: Usable res: 1360 768 120
[graphicssettings.cpp:664]: Usable res: 1360 768 119
[graphicssettings.cpp:664]: Usable res: 1360 768 144
[graphicssettings.cpp:664]: Usable res: 1360 768 100
[graphicssettings.cpp:664]: Usable res: 1360 768 75
[graphicssettings.cpp:664]: Usable res: 1366 768 60
[graphicssettings.cpp:664]: Usable res: 1366 768 59
[graphicssettings.cpp:664]: Usable res: 1366 768 50
[graphicssettings.cpp:664]: Usable res: 1366 768 120
[graphicssettings.cpp:664]: Usable res: 1366 768 119
[graphicssettings.cpp:664]: Usable res: 1366 768 144
[graphicssettings.cpp:664]: Usable res: 1366 768 100
[graphicssettings.cpp:664]: Usable res: 1366 768 75
[graphicssettings.cpp:664]: Usable res: 1440 1080 60
[graphicssettings.cpp:664]: Usable res: 1440 1080 59
[graphicssettings.cpp:664]: Usable res: 1440 1080 50
[graphicssettings.cpp:664]: Usable res: 1440 1080 120
[graphicssettings.cpp:664]: Usable res: 1440 1080 119
[graphicssettings.cpp:664]: Usable res: 1440 1080 144
[graphicssettings.cpp:664]: Usable res: 1440 1080 100
[graphicssettings.cpp:664]: Usable res: 1440 1080 75
[graphicssettings.cpp:664]: Usable res: 1600 900 60
[graphicssettings.cpp:664]: Usable res: 1600 900 59
[graphicssettings.cpp:664]: Usable res: 1600 900 50
[graphicssettings.cpp:664]: Usable res: 1600 900 120
[graphicssettings.cpp:664]: Usable res: 1600 900 119
[graphicssettings.cpp:664]: Usable res: 1600 900 144
[graphicssettings.cpp:664]: Usable res: 1600 900 100
[graphicssettings.cpp:664]: Usable res: 1600 900 75
[graphicssettings.cpp:664]: Usable res: 1600 1024 60
[graphicssettings.cpp:664]: Usable res: 1600 1024 59
[graphicssettings.cpp:664]: Usable res: 1600 1024 50
[graphicssettings.cpp:664]: Usable res: 1600 1024 120
[graphicssettings.cpp:664]: Usable res: 1600 1024 119
[graphicssettings.cpp:664]: Usable res: 1600 1024 144
[graphicssettings.cpp:664]: Usable res: 1600 1024 100
[graphicssettings.cpp:664]: Usable res: 1600 1024 75
[graphicssettings.cpp:664]: Usable res: 1680 1050 60
[graphicssettings.cpp:664]: Usable res: 1680 1050 59
[graphicssettings.cpp:664]: Usable res: 1680 1050 50
[graphicssettings.cpp:664]: Usable res: 1680 1050 120
[graphicssettings.cpp:664]: Usable res: 1680 1050 119
[graphicssettings.cpp:664]: Usable res: 1680 1050 144
[graphicssettings.cpp:664]: Usable res: 1680 1050 100
[graphicssettings.cpp:664]: Usable res: 1680 1050 75
[graphicssettings.cpp:664]: Usable res: 1920 1080 60
[graphicssettings.cpp:664]: Usable res: 1920 1080 59
[graphicssettings.cpp:664]: Usable res: 1920 1080 50
[graphicssettings.cpp:664]: Usable res: 1920 1080 120
[graphicssettings.cpp:664]: Usable res: 1920 1080 119
[graphicssettings.cpp:664]: Usable res: 1920 1080 144
[graphicssettings.cpp:664]: Usable res: 1920 1080 100
[graphicssettings.cpp:664]: Usable res: 1920 1080 75
[graphics.cpp:279]: Not using multisampling.
[graphics.cpp:302]: Creating device with: D3DCREATE_HARDWARE_VERTEXPROCESSING
	Fullscreen=no
	Borderless=yes
	Resolution=1920x1080
[graphics.cpp:383]: Done creating device.
[eu3application.cpp:353]: Graphics Done
[eu3graphics.cpp:265]: Load text  Loading Map-Sprites...
[eu3graphics.cpp:265]: Load text  Loading GUI Definitions...
[eu3graphics.cpp:265]: Load text  Loading Databases...
[eu3graphics.cpp:265]: Load text  Initialising Maplogic...
[eu3graphics.cpp:265]: Load text  Loading Databases II...
[eu3graphics.cpp:265]: Load text  Loading History Files...
[eu3graphics.cpp:265]: Load text  Loading Events...
[eu3graphics.cpp:265]: Load text  Loading Sounds...
[eu3graphics.cpp:265]: Load text  Loading Flags...
[eu3graphics.cpp:265]: Load text  Loading Flags...
[eu3graphics.cpp:265]: Load text  Loading Flags...
[eu3graphics.cpp:265]: Load text  Loading Flags...
[eu3graphics.cpp:265]: Load text  Loading Flags...
[eu3graphics.cpp:265]: Load text  Loading Flags...
[eu3graphics.cpp:265]: Load text  Loading Flags...
[eu3graphics.cpp:265]: Load text  Loading Flags...
[eu3graphics.cpp:265]: Load text  Loading Flags...
[eu3graphics.cpp:265]: Load text  Loading Flags...
[eu3graphics.cpp:265]: Load text  Executing History
[eu3graphics.cpp:265]: Load text  Creating Checksum...
[main.cpp:588]: Run Application...
[frontend.cpp:430]: entering frontend...
[eu3graphics.cpp:265]: Load text  Loading Graphics...
[frontend.cpp:468]: entering frontend...init map
[eu3application.cpp:776]: initialise map
[eu3graphics.cpp:265]: Load text  Creating Province #
[eu3graphics.cpp:265]: Load text  Creating Borders...
[provincemanager.cpp:1559]: Creating province data
[eu3graphics.cpp:265]: Load text  Creating Texts....
[eu3graphics.cpp:265]: Load text  Creating Rivers...
[eu3graphics.cpp:265]: Load text  Creating the World...
[provincemanager.cpp:1636]: Creating meshes
[provincemanager.cpp:1689]: vertex declarations done
[provincemanager.cpp:1730]: done quads
[provincemanager.cpp:1762]: border adjacencies done
[eu3graphics.cpp:265]: Load text  Creating Waves
[provincemanager.cpp:1808]: Create meshes done
[eu3graphics.cpp:265]: Load text  Map Properly Initialised...
[frontend.cpp:483]: eu3 idler restore
[frontend.cpp:494]: reloaded
[frontend.cpp:556]: done frontend
